<?xml version="1.0" encoding="UTF-8"?>
<testsuite xmlns:xsi="http://www.w3.org/2001/XMLSchema-instance" xsi:noNamespaceSchemaLocation="https://maven.apache.org/surefire/maven-surefire-plugin/xsd/surefire-test-report-3.0.xsd" version="3.0" name="com.example.mobileshop.MobileShopApplicationTests" time="11.514" tests="1" errors="0" skipped="0" failures="0">
  <properties>
[...]
</properties>
  <testcase name="contextLoads" classname="com.example.mobileshop.MobileShopApplicationTests" time="0.438">
    <system-out><![CDATA[06:50:07.191 [main] INFO org.springframework.test.context.support.AnnotationConfigContextLoaderUtils -- Could not detect default configuration classes for test class [com.example.mobileshop.MobileShopApplicationTests]: MobileShopApplicationTests does not declare any static, non-private, non-final, nested classes annotated with @Configuration.
06:50:07.330 [main] INFO org.springframework.boot.test.context.SpringBootTestContextBootstrapper -- Found @SpringBootConfiguration com.example.mobileshop.MobileShopApplication for test class com.example.mobileshop.MobileShopApplicationTests
06:50:07.660 [main] INFO org.springframework.boot.devtools.restart.RestartApplicationListener -- Restart disabled due to context in which it is running

  .   ____          _            __ _ _
 /\\ / ___'_ __ _ _(_)_ __  __ _ \ \ \ \
( ( )\___ | '_ | '_| | '_ \/ _` | \ \ \ \
 \\/  ___)| |_)| | | | | || (_| |  ) ) ) )
  '  |____| .__|_| |_|_| |_\__, | / / / /
 =========|_|==============|___/=/_/_/_/
 :: Spring Boot ::                (v3.2.0)

2024-01-23T06:50:07.982+07:00  INFO 10984 --- [           main] c.e.m.MobileShopApplicationTests         : Starting MobileShopApplicationTests using Java 17.0.8 with PID 10984 (started by HoVanHung in E:\pr51\java\MobileShop)
2024-01-23T06:50:07.985+07:00  INFO 10984 --- [           main] c.e.m.MobileShopApplicationTests         : No active profile set, falling back to 1 default profile: "default"
2024-01-23T06:50:08.996+07:00  INFO 10984 --- [           main] .s.d.r.c.RepositoryConfigurationDelegate : Bootstrapping Spring Data JPA repositories in DEFAULT mode.
2024-01-23T06:50:09.086+07:00  INFO 10984 --- [           main] .s.d.r.c.RepositoryConfigurationDelegate : Finished Spring Data repository scanning in 82 ms. Found 8 JPA repository interfaces.
2024-01-23T06:50:10.157+07:00  INFO 10984 --- [           main] o.hibernate.jpa.internal.util.LogHelper  : HHH000204: Processing PersistenceUnitInfo [name: default]
2024-01-23T06:50:10.439+07:00  INFO 10984 --- [           main] org.hibernate.Version                    : HHH000412: Hibernate ORM core version 6.3.1.Final
2024-01-23T06:50:10.516+07:00  INFO 10984 --- [           main] o.h.c.internal.RegionFactoryInitiator    : HHH000026: Second-level cache disabled
2024-01-23T06:50:11.009+07:00  INFO 10984 --- [           main] o.s.o.j.p.SpringPersistenceUnitInfo      : No LoadTimeWeaver setup: ignoring JPA class transformer
2024-01-23T06:50:11.048+07:00  INFO 10984 --- [           main] com.zaxxer.hikari.HikariDataSource       : HikariPool-1 - Starting...
2024-01-23T06:50:12.627+07:00  INFO 10984 --- [           main] com.zaxxer.hikari.pool.HikariPool        : HikariPool-1 - Added connection com.mysql.cj.jdbc.ConnectionImpl@377dbc50
2024-01-23T06:50:12.629+07:00  INFO 10984 --- [           main] com.zaxxer.hikari.HikariDataSource       : HikariPool-1 - Start completed.
2024-01-23T06:50:12.853+07:00  WARN 10984 --- [           main] org.hibernate.orm.deprecation            : HHH90000025: MySQLDialect does not need to be specified explicitly using 'hibernate.dialect' (remove the property setting and it will be selected by default)
2024-01-23T06:50:13.884+07:00  INFO 10984 --- [           main] o.h.e.t.j.p.i.JtaPlatformInitiator       : HHH000489: No JTA platform available (set 'hibernate.transaction.jta.platform' to enable JTA platform integration)
2024-01-23T06:50:15.563+07:00  INFO 10984 --- [           main] j.LocalContainerEntityManagerFactoryBean : Initialized JPA EntityManagerFactory for persistence unit 'default'
2024-01-23T06:50:16.238+07:00  INFO 10984 --- [           main] o.s.d.j.r.query.QueryEnhancerFactory     : Hibernate is in classpath; If applicable, HQL parser will be used.
2024-01-23T06:50:17.269+07:00  WARN 10984 --- [           main] JpaBaseConfiguration$JpaWebConfiguration : spring.jpa.open-in-view is enabled by default. Therefore, database queries may be performed during view rendering. Explicitly configure spring.jpa.open-in-view to disable this warning
2024-01-23T06:50:17.412+07:00  INFO 10984 --- [           main] o.s.b.a.w.s.WelcomePageHandlerMapping    : Adding welcome page template: index
2024-01-23T06:50:17.688+07:00  INFO 10984 --- [           main] o.s.s.web.DefaultSecurityFilterChain     : Will secure any request with [org.springframework.security.web.session.DisableEncodeUrlFilter@21e40707, org.springframework.security.web.context.request.async.WebAsyncManagerIntegrationFilter@92adb3b, org.springframework.security.web.context.SecurityContextHolderFilter@ebad9a, org.springframework.security.web.header.HeaderWriterFilter@13e59265, org.springframework.web.filter.CorsFilter@3182b7a2, org.springframework.security.web.authentication.logout.LogoutFilter@129bc797, org.springframework.security.web.authentication.UsernamePasswordAuthenticationFilter@952883c, org.springframework.security.web.savedrequest.RequestCacheAwareFilter@4b2b2757, org.springframework.security.web.servletapi.SecurityContextHolderAwareRequestFilter@6026c754, org.springframework.security.web.authentication.AnonymousAuthenticationFilter@677f1963, org.springframework.security.web.access.ExceptionTranslationFilter@639f7054, org.springframework.security.web.access.intercept.AuthorizationFilter@39b5d60]
2024-01-23T06:50:18.061+07:00  INFO 10984 --- [           main] c.e.m.MobileShopApplicationTests         : Started MobileShopApplicationTests in 10.42 seconds (process running for 11.878)
]]></system-out>
  </testcase>
</testsuite>